<?xml version="1.0" encoding="UTF-8"?>
<!-- Generated by org.testng.reporters.JUnitReportReporter -->
<testsuite hostname="Mahesh" failures="0" tests="1" name="testCases.TC001_AccountRegistrationTest" time="3.093" errors="0" timestamp="2025-07-13T18:28:26 IST" skipped="0">
  <testcase classname="testCases.TC001_AccountRegistrationTest" name="verify_account_registration" time="3.093"/>
</testsuite> <!-- testCases.TC001_AccountRegistrationTest -->
